Watching for file changes with StatReloader
[01/Dec/2022 11:11:39] "GET /admin/ HTTP/1.1" 200 15612
[01/Dec/2022 11:11:39] "GET /static/admin/simpleui-x/elementui/theme-chalk/index.css HTTP/1.1" 304 0
[01/Dec/2022 11:11:39] "GET /static/admin/simpleui-x/css/index.css?_=3.2 HTTP/1.1" 304 0
[01/Dec/2022 11:11:39] "GET /static/admin/simpleui-x/elementui/index.js?_=2022.11.30 HTTP/1.1" 304 0
[01/Dec/2022 11:11:39] "GET /static/admin/simpleui-x/automatic/dicts.js?_=2022.11.30 HTTP/1.1" 304 0
[01/Dec/2022 11:11:39] "GET /static/admin/simpleui-x/automatic/segment.js?_=2022.11.30 HTTP/1.1" 304 0
[01/Dec/2022 11:11:39] "GET /static/admin/simpleui-x/js/menu.js?_=2022.11.30 HTTP/1.1" 304 0
[01/Dec/2022 11:11:39] "GET /static/admin/simpleui-x/theme/layui.css HTTP/1.1" 304 0
[01/Dec/2022 11:11:40] "GET /admin/page_server/page/ HTTP/1.1" 200 170874
[01/Dec/2022 11:11:40] "GET /static/admin/css/base.css?_=2.7 HTTP/1.1" 304 0
[01/Dec/2022 11:11:40] "GET /static/admin/js/jquery.init.js HTTP/1.1" 304 0
[01/Dec/2022 11:11:40] "GET /static/admin/css/changelists.css?_=20180905 HTTP/1.1" 304 0
[01/Dec/2022 11:11:40] "GET /static/admin/css/responsive.css?_=20180905 HTTP/1.1" 304 0
[01/Dec/2022 11:11:40] "GET /static/admin/js/vendor/jquery/jquery.js HTTP/1.1" 304 0
[01/Dec/2022 11:11:40] "GET /admin/jsi18n/ HTTP/1.1" 200 8603
[01/Dec/2022 11:11:40] "GET /static/admin/js/core.js HTTP/1.1" 304 0
[01/Dec/2022 11:11:40] "GET /static/admin/js/admin/RelatedObjectLookups.js HTTP/1.1" 304 0
[01/Dec/2022 11:11:40] "GET /static/admin/css/fonts.css HTTP/1.1" 304 0
[01/Dec/2022 11:11:40] "GET /static/admin/js/actions.js HTTP/1.1" 304 0
[01/Dec/2022 11:11:40] "GET /static/admin/js/urlify.js HTTP/1.1" 304 0
[01/Dec/2022 11:11:40] "GET /static/admin/simpleui-x/automatic/dicts.js HTTP/1.1" 304 0
[01/Dec/2022 11:11:40] "GET /static/admin/js/prepopulate.js HTTP/1.1" 304 0
[01/Dec/2022 11:11:40] "GET /static/admin/js/vendor/jquery/jquery.min.js HTTP/1.1" 304 0
[01/Dec/2022 11:11:40] "GET /static/admin/js/vendor/xregexp/xregexp.js HTTP/1.1" 304 0
[01/Dec/2022 11:11:40] "GET /static/admin/simpleui-x/automatic/segment.js HTTP/1.1" 304 0
[01/Dec/2022 11:11:40] "GET /static/admin/fonts/Roboto-Bold-webfont.woff HTTP/1.1" 304 0
[01/Dec/2022 11:11:40] "GET /static/admin/fonts/Roboto-Regular-webfont.woff HTTP/1.1" 304 0
[01/Dec/2022 11:11:40] "GET /static/admin/img/sorting-icons.svg HTTP/1.1" 304 0
[01/Dec/2022 11:11:40] "GET /static/admin/fonts/Roboto-Light-webfont.woff HTTP/1.1" 304 0
[01/Dec/2022 11:11:53] "GET /admin/img_server/img/ HTTP/1.1" 200 187722
[01/Dec/2022 11:11:53] "GET /admin/jsi18n/ HTTP/1.1" 200 8603
[01/Dec/2022 11:11:54] "GET /admin/page_server/keyword/ HTTP/1.1" 200 41322
[01/Dec/2022 11:11:54] "GET /admin/jsi18n/ HTTP/1.1" 200 8603
[01/Dec/2022 11:11:56] "GET /admin/img_server/img/ HTTP/1.1" 200 187722
[01/Dec/2022 11:11:56] "GET /admin/jsi18n/ HTTP/1.1" 200 8603
[01/Dec/2022 11:11:58] "GET /admin/img_server/img/?p=2 HTTP/1.1" 200 190767
[01/Dec/2022 11:11:58] "GET /admin/jsi18n/ HTTP/1.1" 200 8603
Internal Server Error: /admin/img_server/img/
Traceback (most recent call last):
  File "/Users/lll/Desktop/python/img-spider-server/venv/lib/python3.8/site-packages/django/core/handlers/exception.py", line 55, in inner
    response = get_response(request)
  File "/Users/lll/Desktop/python/img-spider-server/venv/lib/python3.8/site-packages/django/core/handlers/base.py", line 197, in _get_response
    response = wrapped_callback(request, *callback_args, **callback_kwargs)
  File "/Users/lll/Desktop/python/img-spider-server/venv/lib/python3.8/site-packages/django/contrib/admin/options.py", line 686, in wrapper
    return self.admin_site.admin_view(view)(*args, **kwargs)
  File "/Users/lll/Desktop/python/img-spider-server/venv/lib/python3.8/site-packages/django/utils/decorators.py", line 133, in _wrapped_view
    response = view_func(request, *args, **kwargs)
  File "/Users/lll/Desktop/python/img-spider-server/venv/lib/python3.8/site-packages/django/views/decorators/cache.py", line 62, in _wrapped_view_func
    response = view_func(request, *args, **kwargs)
  File "/Users/lll/Desktop/python/img-spider-server/venv/lib/python3.8/site-packages/django/contrib/admin/sites.py", line 242, in inner
    return view(request, *args, **kwargs)
  File "/Users/lll/Desktop/python/img-spider-server/venv/lib/python3.8/site-packages/django/utils/decorators.py", line 46, in _wrapper
    return bound_method(*args, **kwargs)
  File "/Users/lll/Desktop/python/img-spider-server/venv/lib/python3.8/site-packages/django/utils/decorators.py", line 133, in _wrapped_view
    response = view_func(request, *args, **kwargs)
  File "/Users/lll/Desktop/python/img-spider-server/venv/lib/python3.8/site-packages/django/contrib/admin/options.py", line 1931, in changelist_view
    cl = self.get_changelist_instance(request)
  File "/Users/lll/Desktop/python/img-spider-server/venv/lib/python3.8/site-packages/django/contrib/admin/options.py", line 834, in get_changelist_instance
    return ChangeList(
  File "/Users/lll/Desktop/python/img-spider-server/venv/lib/python3.8/site-packages/django/contrib/admin/views/main.py", line 122, in __init__
    self.queryset = self.get_queryset(request)
  File "/Users/lll/Desktop/python/img-spider-server/venv/lib/python3.8/site-packages/django/contrib/admin/views/main.py", line 529, in get_queryset
    qs, search_may_have_duplicates = self.model_admin.get_search_results(
  File "/Users/lll/Desktop/python/img-spider-server/venv/lib/python3.8/site-packages/django/contrib/admin/options.py", line 1152, in get_search_results
    queryset = queryset.filter(models.Q(*term_queries))
  File "/Users/lll/Desktop/python/img-spider-server/venv/lib/python3.8/site-packages/django/db/models/query.py", line 1420, in filter
    return self._filter_or_exclude(False, args, kwargs)
  File "/Users/lll/Desktop/python/img-spider-server/venv/lib/python3.8/site-packages/django/db/models/query.py", line 1438, in _filter_or_exclude
    clone._filter_or_exclude_inplace(negate, args, kwargs)
  File "/Users/lll/Desktop/python/img-spider-server/venv/lib/python3.8/site-packages/django/db/models/query.py", line 1445, in _filter_or_exclude_inplace
    self._query.add_q(Q(*args, **kwargs))
  File "/Users/lll/Desktop/python/img-spider-server/venv/lib/python3.8/site-packages/django/db/models/sql/query.py", line 1532, in add_q
    clause, _ = self._add_q(q_object, self.used_aliases)
  File "/Users/lll/Desktop/python/img-spider-server/venv/lib/python3.8/site-packages/django/db/models/sql/query.py", line 1562, in _add_q
    child_clause, needed_inner = self.build_filter(
  File "/Users/lll/Desktop/python/img-spider-server/venv/lib/python3.8/site-packages/django/db/models/sql/query.py", line 1388, in build_filter
    return self._add_q(
  File "/Users/lll/Desktop/python/img-spider-server/venv/lib/python3.8/site-packages/django/db/models/sql/query.py", line 1562, in _add_q
    child_clause, needed_inner = self.build_filter(
  File "/Users/lll/Desktop/python/img-spider-server/venv/lib/python3.8/site-packages/django/db/models/sql/query.py", line 1388, in build_filter
    return self._add_q(
  File "/Users/lll/Desktop/python/img-spider-server/venv/lib/python3.8/site-packages/django/db/models/sql/query.py", line 1562, in _add_q
    child_clause, needed_inner = self.build_filter(
  File "/Users/lll/Desktop/python/img-spider-server/venv/lib/python3.8/site-packages/django/db/models/sql/query.py", line 1478, in build_filter
    condition = self.build_lookup(lookups, col, value)
  File "/Users/lll/Desktop/python/img-spider-server/venv/lib/python3.8/site-packages/django/db/models/sql/query.py", line 1292, in build_lookup
    raise FieldError(
django.core.exceptions.FieldError: Related Field got invalid lookup: icontains
[01/Dec/2022 11:12:15] "GET /admin/img_server/img/?q=%E5%BA%84%E7%A8%BC HTTP/1.1" 500 177926
Internal Server Error: /admin/img_server/img/
Traceback (most recent call last):
  File "/Users/lll/Desktop/python/img-spider-server/venv/lib/python3.8/site-packages/django/core/handlers/exception.py", line 55, in inner
    response = get_response(request)
  File "/Users/lll/Desktop/python/img-spider-server/venv/lib/python3.8/site-packages/django/core/handlers/base.py", line 197, in _get_response
    response = wrapped_callback(request, *callback_args, **callback_kwargs)
  File "/Users/lll/Desktop/python/img-spider-server/venv/lib/python3.8/site-packages/django/contrib/admin/options.py", line 686, in wrapper
    return self.admin_site.admin_view(view)(*args, **kwargs)
  File "/Users/lll/Desktop/python/img-spider-server/venv/lib/python3.8/site-packages/django/utils/decorators.py", line 133, in _wrapped_view
    response = view_func(request, *args, **kwargs)
  File "/Users/lll/Desktop/python/img-spider-server/venv/lib/python3.8/site-packages/django/views/decorators/cache.py", line 62, in _wrapped_view_func
    response = view_func(request, *args, **kwargs)
  File "/Users/lll/Desktop/python/img-spider-server/venv/lib/python3.8/site-packages/django/contrib/admin/sites.py", line 242, in inner
    return view(request, *args, **kwargs)
  File "/Users/lll/Desktop/python/img-spider-server/venv/lib/python3.8/site-packages/django/utils/decorators.py", line 46, in _wrapper
    return bound_method(*args, **kwargs)
  File "/Users/lll/Desktop/python/img-spider-server/venv/lib/python3.8/site-packages/django/utils/decorators.py", line 133, in _wrapped_view
    response = view_func(request, *args, **kwargs)
  File "/Users/lll/Desktop/python/img-spider-server/venv/lib/python3.8/site-packages/django/contrib/admin/options.py", line 1931, in changelist_view
    cl = self.get_changelist_instance(request)
  File "/Users/lll/Desktop/python/img-spider-server/venv/lib/python3.8/site-packages/django/contrib/admin/options.py", line 834, in get_changelist_instance
    return ChangeList(
  File "/Users/lll/Desktop/python/img-spider-server/venv/lib/python3.8/site-packages/django/contrib/admin/views/main.py", line 122, in __init__
    self.queryset = self.get_queryset(request)
  File "/Users/lll/Desktop/python/img-spider-server/venv/lib/python3.8/site-packages/django/contrib/admin/views/main.py", line 529, in get_queryset
    qs, search_may_have_duplicates = self.model_admin.get_search_results(
  File "/Users/lll/Desktop/python/img-spider-server/venv/lib/python3.8/site-packages/django/contrib/admin/options.py", line 1152, in get_search_results
    queryset = queryset.filter(models.Q(*term_queries))
  File "/Users/lll/Desktop/python/img-spider-server/venv/lib/python3.8/site-packages/django/db/models/query.py", line 1420, in filter
    return self._filter_or_exclude(False, args, kwargs)
  File "/Users/lll/Desktop/python/img-spider-server/venv/lib/python3.8/site-packages/django/db/models/query.py", line 1438, in _filter_or_exclude
    clone._filter_or_exclude_inplace(negate, args, kwargs)
  File "/Users/lll/Desktop/python/img-spider-server/venv/lib/python3.8/site-packages/django/db/models/query.py", line 1445, in _filter_or_exclude_inplace
    self._query.add_q(Q(*args, **kwargs))
  File "/Users/lll/Desktop/python/img-spider-server/venv/lib/python3.8/site-packages/django/db/models/sql/query.py", line 1532, in add_q
    clause, _ = self._add_q(q_object, self.used_aliases)
  File "/Users/lll/Desktop/python/img-spider-server/venv/lib/python3.8/site-packages/django/db/models/sql/query.py", line 1562, in _add_q
    child_clause, needed_inner = self.build_filter(
  File "/Users/lll/Desktop/python/img-spider-server/venv/lib/python3.8/site-packages/django/db/models/sql/query.py", line 1388, in build_filter
    return self._add_q(
  File "/Users/lll/Desktop/python/img-spider-server/venv/lib/python3.8/site-packages/django/db/models/sql/query.py", line 1562, in _add_q
    child_clause, needed_inner = self.build_filter(
  File "/Users/lll/Desktop/python/img-spider-server/venv/lib/python3.8/site-packages/django/db/models/sql/query.py", line 1388, in build_filter
    return self._add_q(
  File "/Users/lll/Desktop/python/img-spider-server/venv/lib/python3.8/site-packages/django/db/models/sql/query.py", line 1562, in _add_q
    child_clause, needed_inner = self.build_filter(
  File "/Users/lll/Desktop/python/img-spider-server/venv/lib/python3.8/site-packages/django/db/models/sql/query.py", line 1478, in build_filter
    condition = self.build_lookup(lookups, col, value)
  File "/Users/lll/Desktop/python/img-spider-server/venv/lib/python3.8/site-packages/django/db/models/sql/query.py", line 1292, in build_lookup
    raise FieldError(
django.core.exceptions.FieldError: Related Field got invalid lookup: icontains
[01/Dec/2022 11:12:15] "GET /admin/img_server/img/?q=%E5%BA%84%E7%A8%BC HTTP/1.1" 500 177926
[01/Dec/2022 11:12:15,662] - Broken pipe from ('127.0.0.1', 60120)
[01/Dec/2022 11:12:32] "GET /admin/img_server/img/?p=2 HTTP/1.1" 200 190767
Internal Server Error: /admin/img_server/img/
Traceback (most recent call last):
  File "/Users/lll/Desktop/python/img-spider-server/venv/lib/python3.8/site-packages/django/core/handlers/exception.py", line 55, in inner
    response = get_response(request)
  File "/Users/lll/Desktop/python/img-spider-server/venv/lib/python3.8/site-packages/django/core/handlers/base.py", line 197, in _get_response
    response = wrapped_callback(request, *callback_args, **callback_kwargs)
  File "/Users/lll/Desktop/python/img-spider-server/venv/lib/python3.8/site-packages/django/contrib/admin/options.py", line 686, in wrapper
    return self.admin_site.admin_view(view)(*args, **kwargs)
  File "/Users/lll/Desktop/python/img-spider-server/venv/lib/python3.8/site-packages/django/utils/decorators.py", line 133, in _wrapped_view
    response = view_func(request, *args, **kwargs)
  File "/Users/lll/Desktop/python/img-spider-server/venv/lib/python3.8/site-packages/django/views/decorators/cache.py", line 62, in _wrapped_view_func
    response = view_func(request, *args, **kwargs)
  File "/Users/lll/Desktop/python/img-spider-server/venv/lib/python3.8/site-packages/django/contrib/admin/sites.py", line 242, in inner
    return view(request, *args, **kwargs)
  File "/Users/lll/Desktop/python/img-spider-server/venv/lib/python3.8/site-packages/django/utils/decorators.py", line 46, in _wrapper
    return bound_method(*args, **kwargs)
  File "/Users/lll/Desktop/python/img-spider-server/venv/lib/python3.8/site-packages/django/utils/decorators.py", line 133, in _wrapped_view
    response = view_func(request, *args, **kwargs)
  File "/Users/lll/Desktop/python/img-spider-server/venv/lib/python3.8/site-packages/django/contrib/admin/options.py", line 1931, in changelist_view
    cl = self.get_changelist_instance(request)
  File "/Users/lll/Desktop/python/img-spider-server/venv/lib/python3.8/site-packages/django/contrib/admin/options.py", line 834, in get_changelist_instance
    return ChangeList(
  File "/Users/lll/Desktop/python/img-spider-server/venv/lib/python3.8/site-packages/django/contrib/admin/views/main.py", line 122, in __init__
    self.queryset = self.get_queryset(request)
  File "/Users/lll/Desktop/python/img-spider-server/venv/lib/python3.8/site-packages/django/contrib/admin/views/main.py", line 529, in get_queryset
    qs, search_may_have_duplicates = self.model_admin.get_search_results(
  File "/Users/lll/Desktop/python/img-spider-server/venv/lib/python3.8/site-packages/django/contrib/admin/options.py", line 1152, in get_search_results
    queryset = queryset.filter(models.Q(*term_queries))
  File "/Users/lll/Desktop/python/img-spider-server/venv/lib/python3.8/site-packages/django/db/models/query.py", line 1420, in filter
    return self._filter_or_exclude(False, args, kwargs)
  File "/Users/lll/Desktop/python/img-spider-server/venv/lib/python3.8/site-packages/django/db/models/query.py", line 1438, in _filter_or_exclude
    clone._filter_or_exclude_inplace(negate, args, kwargs)
  File "/Users/lll/Desktop/python/img-spider-server/venv/lib/python3.8/site-packages/django/db/models/query.py", line 1445, in _filter_or_exclude_inplace
    self._query.add_q(Q(*args, **kwargs))
  File "/Users/lll/Desktop/python/img-spider-server/venv/lib/python3.8/site-packages/django/db/models/sql/query.py", line 1532, in add_q
    clause, _ = self._add_q(q_object, self.used_aliases)
  File "/Users/lll/Desktop/python/img-spider-server/venv/lib/python3.8/site-packages/django/db/models/sql/query.py", line 1562, in _add_q
    child_clause, needed_inner = self.build_filter(
  File "/Users/lll/Desktop/python/img-spider-server/venv/lib/python3.8/site-packages/django/db/models/sql/query.py", line 1388, in build_filter
    return self._add_q(
  File "/Users/lll/Desktop/python/img-spider-server/venv/lib/python3.8/site-packages/django/db/models/sql/query.py", line 1562, in _add_q
    child_clause, needed_inner = self.build_filter(
  File "/Users/lll/Desktop/python/img-spider-server/venv/lib/python3.8/site-packages/django/db/models/sql/query.py", line 1388, in build_filter
    return self._add_q(
  File "/Users/lll/Desktop/python/img-spider-server/venv/lib/python3.8/site-packages/django/db/models/sql/query.py", line 1562, in _add_q
    child_clause, needed_inner = self.build_filter(
  File "/Users/lll/Desktop/python/img-spider-server/venv/lib/python3.8/site-packages/django/db/models/sql/query.py", line 1478, in build_filter
    condition = self.build_lookup(lookups, col, value)
  File "/Users/lll/Desktop/python/img-spider-server/venv/lib/python3.8/site-packages/django/db/models/sql/query.py", line 1292, in build_lookup
    raise FieldError(
django.core.exceptions.FieldError: Related Field got invalid lookup: icontains
[01/Dec/2022 11:12:33] "GET /admin/img_server/img/?q=1 HTTP/1.1" 500 177554
[01/Dec/2022 11:12:37] "GET /admin/img_server/img/?p=2 HTTP/1.1" 200 190767
[01/Dec/2022 11:13:32] "GET /admin/img_server/img/?p=6 HTTP/1.1" 200 186333
[01/Dec/2022 11:13:32] "GET /admin/jsi18n/ HTTP/1.1" 200 8603
[01/Dec/2022 11:13:35] "GET /admin/img_server/img/?p=8 HTTP/1.1" 200 186168
[01/Dec/2022 11:13:35] "GET /admin/jsi18n/ HTTP/1.1" 200 8603
[01/Dec/2022 11:13:37] "GET /admin/img_server/img/?p=10 HTTP/1.1" 200 186475
[01/Dec/2022 11:13:37] "GET /admin/jsi18n/ HTTP/1.1" 200 8603
[01/Dec/2022 11:13:39] "GET /admin/img_server/img/?p=12 HTTP/1.1" 200 186335
[01/Dec/2022 11:13:39] "GET /admin/jsi18n/ HTTP/1.1" 200 8603
[01/Dec/2022 11:13:41] "GET /admin/img_server/img/?p=14 HTTP/1.1" 200 186216
[01/Dec/2022 11:13:41] "GET /admin/jsi18n/ HTTP/1.1" 200 8603
[01/Dec/2022 11:13:43] "GET /admin/img_server/img/?p=16 HTTP/1.1" 200 225423
[01/Dec/2022 11:13:43] "GET /admin/jsi18n/ HTTP/1.1" 200 8603
[01/Dec/2022 11:14:07] "GET /admin/img_server/img/?p=18 HTTP/1.1" 200 229702
[01/Dec/2022 11:14:07] "GET /admin/jsi18n/ HTTP/1.1" 200 8603
[01/Dec/2022 11:14:09] "GET /admin/img_server/img/?p=20 HTTP/1.1" 200 229309
[01/Dec/2022 11:14:09] "GET /admin/jsi18n/ HTTP/1.1" 200 8603
[01/Dec/2022 11:14:11] "GET /admin/img_server/img/?p=22 HTTP/1.1" 200 231787
[01/Dec/2022 11:14:11] "GET /admin/jsi18n/ HTTP/1.1" 200 8603
[01/Dec/2022 11:14:14] "GET /admin/img_server/img/?p=24 HTTP/1.1" 200 232984
[01/Dec/2022 11:14:14] "GET /admin/jsi18n/ HTTP/1.1" 200 8603
[01/Dec/2022 11:14:16] "GET /admin/img_server/img/?p=26 HTTP/1.1" 200 230941
[01/Dec/2022 11:14:16] "GET /admin/jsi18n/ HTTP/1.1" 200 8603
[01/Dec/2022 11:14:18] "GET /admin/img_server/img/?p=28 HTTP/1.1" 200 233526
[01/Dec/2022 11:14:18] "GET /admin/jsi18n/ HTTP/1.1" 200 8603
[01/Dec/2022 11:14:21] "GET /admin/img_server/img/?p=30 HTTP/1.1" 200 228084
[01/Dec/2022 11:14:21] "GET /admin/jsi18n/ HTTP/1.1" 200 8603
[01/Dec/2022 11:14:23] "GET /admin/img_server/img/?p=32 HTTP/1.1" 200 224955
[01/Dec/2022 11:14:23] "GET /admin/jsi18n/ HTTP/1.1" 200 8603
[01/Dec/2022 11:14:46] "GET /admin/img_server/img/?p=34 HTTP/1.1" 200 213446
[01/Dec/2022 11:14:46] "GET /admin/jsi18n/ HTTP/1.1" 200 8603
[01/Dec/2022 11:14:49] "GET /admin/img_server/img/?p=36 HTTP/1.1" 200 214401
[01/Dec/2022 11:14:49] "GET /admin/jsi18n/ HTTP/1.1" 200 8603
[01/Dec/2022 11:14:59] "GET /admin/img_server/img/?p=38 HTTP/1.1" 200 210660
[01/Dec/2022 11:14:59] "GET /admin/jsi18n/ HTTP/1.1" 200 8603
[01/Dec/2022 11:15:02] "GET /admin/img_server/img/?p=40 HTTP/1.1" 200 191269
[01/Dec/2022 11:15:02] "GET /admin/jsi18n/ HTTP/1.1" 200 8603
[01/Dec/2022 11:15:15] "GET /admin/img_server/img/?p=42 HTTP/1.1" 200 189618
[01/Dec/2022 11:15:15] "GET /admin/jsi18n/ HTTP/1.1" 200 8603
[01/Dec/2022 11:15:26] "GET /admin/img_server/img/?p=44 HTTP/1.1" 200 191129
[01/Dec/2022 11:15:26] "GET /admin/jsi18n/ HTTP/1.1" 200 8603
[01/Dec/2022 11:15:28] "GET /admin/img_server/img/?p=46 HTTP/1.1" 200 191156
[01/Dec/2022 11:15:28] "GET /admin/jsi18n/ HTTP/1.1" 200 8603
[01/Dec/2022 11:15:29] "GET /admin/img_server/img/?p=48 HTTP/1.1" 200 190352
[01/Dec/2022 11:15:29] "GET /admin/jsi18n/ HTTP/1.1" 200 8603
[01/Dec/2022 11:15:31] "GET /admin/img_server/img/?p=50 HTTP/1.1" 200 189889
[01/Dec/2022 11:15:31] "GET /admin/jsi18n/ HTTP/1.1" 200 8603
[01/Dec/2022 11:15:32] "GET /admin/img_server/img/?p=52 HTTP/1.1" 200 188327
[01/Dec/2022 11:15:32] "GET /admin/jsi18n/ HTTP/1.1" 200 8603
[01/Dec/2022 11:15:35] "GET /admin/img_server/img/?p=54 HTTP/1.1" 200 189358
[01/Dec/2022 11:15:35] "GET /admin/jsi18n/ HTTP/1.1" 200 8603
[01/Dec/2022 11:16:19] "GET /admin/img_server/img/?p=56 HTTP/1.1" 200 188154
[01/Dec/2022 11:16:19] "GET /static/admin/simpleui-x/elementui/theme-chalk/index.css HTTP/1.1" 304 0
[01/Dec/2022 11:16:19] "GET /static/admin/simpleui-x/elementui/index.js?_=2022.11.30 HTTP/1.1" 304 0
[01/Dec/2022 11:16:19] "GET /static/admin/css/responsive.css?_=20180905 HTTP/1.1" 304 0
[01/Dec/2022 11:16:19] "GET /static/admin/css/changelists.css?_=20180905 HTTP/1.1" 304 0
[01/Dec/2022 11:16:19] "GET /static/admin/css/base.css?_=2.7 HTTP/1.1" 304 0
[01/Dec/2022 11:16:19] "GET /static/admin/js/vendor/jquery/jquery.js HTTP/1.1" 304 0
[01/Dec/2022 11:16:19] "GET /static/admin/js/jquery.init.js HTTP/1.1" 304 0
[01/Dec/2022 11:16:19] "GET /static/admin/js/core.js HTTP/1.1" 304 0
[01/Dec/2022 11:16:19] "GET /static/admin/js/urlify.js HTTP/1.1" 304 0
[01/Dec/2022 11:16:19] "GET /static/admin/js/admin/RelatedObjectLookups.js HTTP/1.1" 304 0
[01/Dec/2022 11:16:19] "GET /static/admin/css/fonts.css HTTP/1.1" 304 0
[01/Dec/2022 11:16:19] "GET /static/admin/js/actions.js HTTP/1.1" 304 0
[01/Dec/2022 11:16:19] "GET /static/admin/js/prepopulate.js HTTP/1.1" 304 0
[01/Dec/2022 11:16:19] "GET /static/admin/js/vendor/xregexp/xregexp.js HTTP/1.1" 304 0
[01/Dec/2022 11:16:19] "GET /static/admin/js/vendor/jquery/jquery.min.js HTTP/1.1" 304 0
[01/Dec/2022 11:16:19] "GET /admin/jsi18n/ HTTP/1.1" 200 8603
[01/Dec/2022 11:16:19] "GET /static/admin/simpleui-x/automatic/dicts.js HTTP/1.1" 304 0
[01/Dec/2022 11:16:19] "GET /static/admin/simpleui-x/automatic/segment.js HTTP/1.1" 304 0
[01/Dec/2022 11:16:19] "GET /static/admin/simpleui-x/theme/layui.css HTTP/1.1" 304 0
[01/Dec/2022 11:16:19] "GET /static/admin/fonts/Roboto-Regular-webfont.woff HTTP/1.1" 304 0
[01/Dec/2022 11:16:19] "GET /static/admin/fonts/Roboto-Bold-webfont.woff HTTP/1.1" 304 0
[01/Dec/2022 11:16:22] "GET /admin/img_server/img/?p=58 HTTP/1.1" 200 187920
[01/Dec/2022 11:16:22] "GET /admin/jsi18n/ HTTP/1.1" 200 8603
[01/Dec/2022 11:16:24] "GET /admin/img_server/img/?p=60 HTTP/1.1" 200 187771
[01/Dec/2022 11:16:24] "GET /admin/jsi18n/ HTTP/1.1" 200 8603
[01/Dec/2022 11:16:26] "GET /admin/img_server/img/?p=62 HTTP/1.1" 200 187560
[01/Dec/2022 11:16:26] "GET /admin/jsi18n/ HTTP/1.1" 200 8603
[01/Dec/2022 11:16:28] "GET /admin/img_server/img/?p=64 HTTP/1.1" 200 188137
[01/Dec/2022 11:16:28] "GET /admin/jsi18n/ HTTP/1.1" 200 8603
[01/Dec/2022 11:16:30] "GET /admin/img_server/img/?p=66 HTTP/1.1" 200 228731
[01/Dec/2022 11:16:30] "GET /admin/jsi18n/ HTTP/1.1" 200 8603
[01/Dec/2022 11:16:52] "GET /admin/img_server/img/?p=68 HTTP/1.1" 200 229112
[01/Dec/2022 11:16:52] "GET /admin/jsi18n/ HTTP/1.1" 200 8603
[01/Dec/2022 11:18:13] "GET /admin/auth/group/ HTTP/1.1" 200 28823
[01/Dec/2022 11:18:13] "GET /admin/jsi18n/ HTTP/1.1" 200 8603
[01/Dec/2022 11:18:14] "GET /admin/auth/user/ HTTP/1.1" 200 35815
[01/Dec/2022 11:18:14] "GET /static/admin/img/icon-yes.svg HTTP/1.1" 200 436
[01/Dec/2022 11:18:14] "GET /admin/jsi18n/ HTTP/1.1" 200 8603
[01/Dec/2022 11:18:14] "GET /static/admin/img/sorting-icons.svg HTTP/1.1" 304 0
[01/Dec/2022 11:18:14] "GET /static/admin/fonts/Roboto-Light-webfont.woff HTTP/1.1" 304 0
[01/Dec/2022 12:45:09] "GET /admin/ HTTP/1.1" 200 15612
[01/Dec/2022 12:45:09] "GET /static/admin/simpleui-x/elementui/theme-chalk/index.css HTTP/1.1" 304 0
[01/Dec/2022 12:45:09] "GET /static/admin/simpleui-x/css/index.css?_=3.2 HTTP/1.1" 304 0
[01/Dec/2022 12:45:09] "GET /static/admin/simpleui-x/elementui/index.js?_=2022.11.30 HTTP/1.1" 304 0
[01/Dec/2022 12:45:09] "GET /static/admin/simpleui-x/automatic/dicts.js?_=2022.11.30 HTTP/1.1" 304 0
[01/Dec/2022 12:45:09] "GET /static/admin/simpleui-x/automatic/segment.js?_=2022.11.30 HTTP/1.1" 304 0
[01/Dec/2022 12:45:09] "GET /static/admin/simpleui-x/js/menu.js?_=2022.11.30 HTTP/1.1" 304 0
[01/Dec/2022 12:45:09] "GET /static/admin/simpleui-x/theme/layui.css HTTP/1.1" 304 0
[01/Dec/2022 12:45:09] "GET /admin/img_server/img/ HTTP/1.1" 200 187722
[01/Dec/2022 12:45:09] "GET /static/admin/css/changelists.css?_=20180905 HTTP/1.1" 304 0
[01/Dec/2022 12:45:09] "GET /static/admin/css/base.css?_=2.7 HTTP/1.1" 304 0
[01/Dec/2022 12:45:09] "GET /static/admin/js/jquery.init.js HTTP/1.1" 304 0
[01/Dec/2022 12:45:09] "GET /static/admin/js/actions.js HTTP/1.1" 304 0
[01/Dec/2022 12:45:09] "GET /static/admin/js/admin/RelatedObjectLookups.js HTTP/1.1" 304 0
[01/Dec/2022 12:45:09] "GET /static/admin/js/core.js HTTP/1.1" 304 0
[01/Dec/2022 12:45:09] "GET /static/admin/css/responsive.css?_=20180905 HTTP/1.1" 304 0
[01/Dec/2022 12:45:09] "GET /static/admin/js/vendor/jquery/jquery.js HTTP/1.1" 304 0
[01/Dec/2022 12:45:09] "GET /static/admin/css/fonts.css HTTP/1.1" 304 0
[01/Dec/2022 12:45:09] "GET /admin/jsi18n/ HTTP/1.1" 200 8603
[01/Dec/2022 12:45:09] "GET /static/admin/js/prepopulate.js HTTP/1.1" 304 0
[01/Dec/2022 12:45:09] "GET /static/admin/js/urlify.js HTTP/1.1" 304 0
[01/Dec/2022 12:45:09] "GET /static/admin/simpleui-x/automatic/segment.js HTTP/1.1" 304 0
[01/Dec/2022 12:45:09] "GET /static/admin/js/vendor/jquery/jquery.min.js HTTP/1.1" 304 0
[01/Dec/2022 12:45:09] "GET /static/admin/simpleui-x/automatic/dicts.js HTTP/1.1" 304 0
[01/Dec/2022 12:45:09] "GET /static/admin/js/vendor/xregexp/xregexp.js HTTP/1.1" 304 0
[01/Dec/2022 12:45:09] "GET /static/admin/fonts/Roboto-Regular-webfont.woff HTTP/1.1" 304 0
[01/Dec/2022 12:45:09] "GET /static/admin/fonts/Roboto-Bold-webfont.woff HTTP/1.1" 304 0
[01/Dec/2022 12:45:13] "GET / HTTP/1.1" 200 1501
[01/Dec/2022 12:45:13] "GET /static/video/bg.mp4 HTTP/1.1" 304 0
[01/Dec/2022 14:19:09] "GET /admin/ HTTP/1.1" 200 15612
[01/Dec/2022 14:19:09] "GET /static/admin/simpleui-x/css/index.css?_=3.2 HTTP/1.1" 304 0
[01/Dec/2022 14:19:09] "GET /static/admin/simpleui-x/elementui/theme-chalk/index.css HTTP/1.1" 304 0
[01/Dec/2022 14:19:09] "GET /static/admin/simpleui-x/elementui/index.js?_=2022.11.30 HTTP/1.1" 304 0
[01/Dec/2022 14:19:09] "GET /static/admin/simpleui-x/automatic/dicts.js?_=2022.11.30 HTTP/1.1" 304 0
[01/Dec/2022 14:19:09] "GET /static/admin/simpleui-x/automatic/segment.js?_=2022.11.30 HTTP/1.1" 304 0
[01/Dec/2022 14:19:09] "GET /static/admin/simpleui-x/js/menu.js?_=2022.11.30 HTTP/1.1" 304 0
[01/Dec/2022 14:19:09] "GET /static/admin/simpleui-x/theme/layui.css HTTP/1.1" 304 0
[01/Dec/2022 14:19:09] "GET /admin/img_server/img/ HTTP/1.1" 200 187722
[01/Dec/2022 14:19:09] "GET /static/admin/js/vendor/jquery/jquery.js HTTP/1.1" 304 0
[01/Dec/2022 14:19:09] "GET /static/admin/css/base.css?_=2.7 HTTP/1.1" 304 0
[01/Dec/2022 14:19:09] "GET /static/admin/css/changelists.css?_=20180905 HTTP/1.1" 304 0
[01/Dec/2022 14:19:09] "GET /static/admin/js/core.js HTTP/1.1" 304 0
[01/Dec/2022 14:19:09] "GET /admin/jsi18n/ HTTP/1.1" 200 8603
[01/Dec/2022 14:19:09] "GET /static/admin/css/responsive.css?_=20180905 HTTP/1.1" 304 0
[01/Dec/2022 14:19:09] "GET /static/admin/js/jquery.init.js HTTP/1.1" 304 0
[01/Dec/2022 14:19:09] "GET /static/admin/js/admin/RelatedObjectLookups.js HTTP/1.1" 304 0
[01/Dec/2022 14:19:09] "GET /static/admin/css/fonts.css HTTP/1.1" 304 0
[01/Dec/2022 14:19:09] "GET /static/admin/js/actions.js HTTP/1.1" 304 0
[01/Dec/2022 14:19:09] "GET /static/admin/js/urlify.js HTTP/1.1" 304 0
[01/Dec/2022 14:19:09] "GET /static/admin/simpleui-x/automatic/segment.js HTTP/1.1" 304 0
[01/Dec/2022 14:19:09] "GET /static/admin/simpleui-x/automatic/dicts.js HTTP/1.1" 304 0
[01/Dec/2022 14:19:09] "GET /static/admin/js/vendor/xregexp/xregexp.js HTTP/1.1" 304 0
[01/Dec/2022 14:19:09] "GET /static/admin/js/prepopulate.js HTTP/1.1" 304 0
[01/Dec/2022 14:19:09] "GET /static/admin/js/vendor/jquery/jquery.min.js HTTP/1.1" 304 0
[01/Dec/2022 14:19:09] "GET /static/admin/fonts/Roboto-Regular-webfont.woff HTTP/1.1" 304 0
[01/Dec/2022 14:19:09] "GET /static/admin/fonts/Roboto-Bold-webfont.woff HTTP/1.1" 304 0
[01/Dec/2022 14:19:11] "GET / HTTP/1.1" 200 1501
[01/Dec/2022 14:19:11] "GET /static/video/bg.mp4 HTTP/1.1" 200 1993041
[01/Dec/2022 14:31:37] "GET /admin/ HTTP/1.1" 200 15612
[01/Dec/2022 14:31:37] "GET / HTTP/1.1" 200 1501
[01/Dec/2022 14:31:37] "GET /static/video/bg.mp4 HTTP/1.1" 200 765535
[01/Dec/2022 14:32:10] "GET /static/admin/simpleui-x/theme/purple.css HTTP/1.1" 200 4544
[01/Dec/2022 14:32:13] "GET /static/admin/simpleui-x/theme/light.css HTTP/1.1" 200 4183
[01/Dec/2022 14:32:18] "GET /admin/img_server/img/ HTTP/1.1" 200 187722
[01/Dec/2022 14:32:18] "GET /admin/jsi18n/ HTTP/1.1" 200 8603
[01/Dec/2022 14:32:19] "GET /admin/page_server/page/ HTTP/1.1" 200 170874
[01/Dec/2022 14:32:19] "GET /admin/jsi18n/ HTTP/1.1" 200 8603
[01/Dec/2022 14:32:19] "GET /static/admin/img/sorting-icons.svg HTTP/1.1" 304 0
[01/Dec/2022 14:32:19] "GET /static/admin/fonts/Roboto-Light-webfont.woff HTTP/1.1" 304 0
[01/Dec/2022 14:33:00] "GET /admin/ HTTP/1.1" 200 15612
[01/Dec/2022 14:33:01] "GET /admin/page_server/page/ HTTP/1.1" 200 170874
[01/Dec/2022 14:33:01] "GET /admin/jsi18n/ HTTP/1.1" 200 8603
[01/Dec/2022 14:33:02] "GET / HTTP/1.1" 200 1501
[01/Dec/2022 14:33:02] "GET /static/video/bg.mp4 HTTP/1.1" 200 765535
[01/Dec/2022 14:34:06] "GET / HTTP/1.1" 200 1501
[01/Dec/2022 14:34:06] "GET /static/video/bg.mp4 HTTP/1.1" 304 0
[01/Dec/2022 14:34:14] "GET /admin/img_server/img/ HTTP/1.1" 200 187722
[01/Dec/2022 14:34:14] "GET /admin/jsi18n/ HTTP/1.1" 200 8603
[01/Dec/2022 14:34:14] "GET /admin/auth/group/ HTTP/1.1" 200 28823
[01/Dec/2022 14:34:14] "GET /admin/jsi18n/ HTTP/1.1" 200 8603
[01/Dec/2022 14:34:15] "GET /admin/auth/user/ HTTP/1.1" 200 35815
[01/Dec/2022 14:34:15] "GET /admin/jsi18n/ HTTP/1.1" 200 8603
[01/Dec/2022 14:34:15] "GET /static/admin/img/icon-yes.svg HTTP/1.1" 304 0
[01/Dec/2022 14:36:39] "GET /admin/img_server/img/ HTTP/1.1" 200 187722
[01/Dec/2022 14:36:39] "GET /admin/jsi18n/ HTTP/1.1" 200 8603
[01/Dec/2022 14:36:44] "GET / HTTP/1.1" 200 1501
[01/Dec/2022 14:36:44] "GET /static/video/bg.mp4 HTTP/1.1" 304 0
[01/Dec/2022 14:36:54] "GET /static/admin/simpleui-x/theme/highdmin.css HTTP/1.1" 200 4375
[01/Dec/2022 14:37:07] "GET /static/admin/simpleui-x/theme/e-blue-pro.css HTTP/1.1" 200 4300
[01/Dec/2022 14:37:09] "GET /static/admin/simpleui-x/theme/e-blue.css HTTP/1.1" 200 4376
[01/Dec/2022 14:37:14] "GET /static/admin/simpleui-x/theme/x-blue.css HTTP/1.1" 200 4491
[01/Dec/2022 14:37:17] "GET /static/admin/simpleui-x/theme/e-green-pro.css HTTP/1.1" 200 4395
[01/Dec/2022 14:37:23] "GET /static/admin/simpleui-x/theme/ant.design.css HTTP/1.1" 200 4479
