*** Starting uWSGI 2.0.20 (64bit) on [Sun Dec  4 11:56:43 2022] ***
compiled with version: 9.4.0 on 12 July 2022 06:43:11
os: Linux-5.4.0-122-generic #138-Ubuntu SMP Wed Jun 22 15:00:31 UTC 2022
nodename: iZbp1av1izm1qsfgjmc9hwZ
machine: x86_64
clock source: unix
pcre jit disabled
detected number of CPU cores: 1
current working directory: /home/admin/img-spider-server/ImgSpiderServer/ImgSpiderServer
writing pidfile to uwsgi.pid
detected binary path: /usr/local/bin/uwsgi
uWSGI running as root, you can use --uid/--gid/--chroot options
*** WARNING: you are running uWSGI as root !!! (use the --uid flag) *** 
chdir() to /home/admin/img-spider-server/ImgSpiderServer
your processes number limit is 7700
your memory page size is 4096 bytes
detected max file descriptor number: 65535
lock engine: pthread robust mutexes
thunder lock: disabled (you can enable it with --thunder-lock)
uwsgi socket 0 bound to TCP address 127.0.0.1:6667 fd 3
uWSGI running as root, you can use --uid/--gid/--chroot options
*** WARNING: you are running uWSGI as root !!! (use the --uid flag) *** 
Python version: 3.8.10 (default, Jun 22 2022, 20:18:18)  [GCC 9.4.0]
PEP 405 virtualenv detected: /home/admin/img-spider-server/venv
Set PythonHome to /home/admin/img-spider-server/venv
Python main interpreter initialized at 0x5587368c0700
uWSGI running as root, you can use --uid/--gid/--chroot options
*** WARNING: you are running uWSGI as root !!! (use the --uid flag) *** 
python threads support enabled
your server socket listen backlog is limited to 100 connections
your mercy for graceful operations on workers is 60 seconds
mapped 292224 bytes (285 KB) for 8 cores
*** Operational MODE: threaded ***
added /home/admin/img-spider-server/venv/python3 to pythonpath.
WSGI app 0 (mountpoint='') ready in 0 seconds on interpreter 0x5587368c0700 pid: 853857 (default app)
mountpoint  already configured. skip.
uWSGI running as root, you can use --uid/--gid/--chroot options
*** WARNING: you are running uWSGI as root !!! (use the --uid flag) *** 
*** uWSGI is running in multiple interpreter mode ***
spawned uWSGI master process (pid: 853857)
spawned uWSGI worker 1 (pid: 853859, cores: 8)
Not Found: /img-spider-server/
[pid: 853859|app: 0|req: 1/1] 58.100.169.134 () {42 vars in 1224 bytes} [Sun Dec  4 11:57:06 2022] GET /img-spider-server/ => generated 2590 bytes in 411 msecs (HTTP/1.1 404) 5 headers in 192 bytes (1 switches on core 0)
Not Found: /img-spider-server/admin/
[pid: 853859|app: 0|req: 2/2] 58.100.169.134 () {42 vars in 1236 bytes} [Sun Dec  4 11:57:19 2022] GET /img-spider-server/admin/ => generated 2608 bytes in 7 msecs (HTTP/1.1 404) 5 headers in 192 bytes (1 switches on core 7)
Not Found: /img-spider-server/
[pid: 853859|app: 0|req: 3/3] 58.100.169.134 () {42 vars in 1224 bytes} [Sun Dec  4 11:57:36 2022] GET /img-spider-server/ => generated 2590 bytes in 6 msecs (HTTP/1.1 404) 5 headers in 192 bytes (1 switches on core 6)
Not Found: /img-spider-server/admin
[pid: 853859|app: 0|req: 4/4] 117.135.173.70 () {36 vars in 600 bytes} [Sun Dec  4 11:58:19 2022] GET /img-spider-server/admin => generated 2605 bytes in 7 msecs (HTTP/1.1 404) 5 headers in 192 bytes (1 switches on core 5)
*** Starting uWSGI 2.0.20 (64bit) on [Sun Dec  4 12:00:01 2022] ***
compiled with version: 9.4.0 on 12 July 2022 06:43:11
os: Linux-5.4.0-122-generic #138-Ubuntu SMP Wed Jun 22 15:00:31 UTC 2022
nodename: iZbp1av1izm1qsfgjmc9hwZ
machine: x86_64
clock source: unix
pcre jit disabled
detected number of CPU cores: 1
current working directory: /home/admin/img-spider-server/ImgSpiderServer/ImgSpiderServer
writing pidfile to uwsgi.pid
detected binary path: /usr/local/bin/uwsgi
uWSGI running as root, you can use --uid/--gid/--chroot options
*** WARNING: you are running uWSGI as root !!! (use the --uid flag) *** 
chdir() to /home/admin/img-spider-server/ImgSpiderServer
your processes number limit is 7700
your memory page size is 4096 bytes
detected max file descriptor number: 65535
lock engine: pthread robust mutexes
thunder lock: disabled (you can enable it with --thunder-lock)
uwsgi socket 0 bound to TCP address 127.0.0.1:6667 fd 3
uWSGI running as root, you can use --uid/--gid/--chroot options
*** WARNING: you are running uWSGI as root !!! (use the --uid flag) *** 
Python version: 3.8.10 (default, Jun 22 2022, 20:18:18)  [GCC 9.4.0]
PEP 405 virtualenv detected: /home/admin/img-spider-server/venv
Set PythonHome to /home/admin/img-spider-server/venv
Python main interpreter initialized at 0x555ca20fa700
uWSGI running as root, you can use --uid/--gid/--chroot options
*** WARNING: you are running uWSGI as root !!! (use the --uid flag) *** 
python threads support enabled
your server socket listen backlog is limited to 100 connections
your mercy for graceful operations on workers is 60 seconds
mapped 292224 bytes (285 KB) for 8 cores
*** Operational MODE: threaded ***
added /home/admin/img-spider-server/venv/python3 to pythonpath.
WSGI app 0 (mountpoint='') ready in 0 seconds on interpreter 0x555ca20fa700 pid: 853911 (default app)
mountpoint  already configured. skip.
uWSGI running as root, you can use --uid/--gid/--chroot options
*** WARNING: you are running uWSGI as root !!! (use the --uid flag) *** 
*** uWSGI is running in multiple interpreter mode ***
spawned uWSGI master process (pid: 853911)
spawned uWSGI worker 1 (pid: 853913, cores: 8)
[pid: 853913|app: 0|req: 1/1] 58.100.169.134 () {44 vars in 1256 bytes} [Sun Dec  4 12:00:11 2022] GET /img-spider-server/ => generated 1501 bytes in 470 msecs (HTTP/1.1 200) 5 headers in 185 bytes (1 switches on core 0)
[pid: 853913|app: 0|req: 2/2] 58.100.169.134 () {44 vars in 1255 bytes} [Sun Dec  4 12:04:25 2022] GET /img-spider-server/ => generated 1501 bytes in 1 msecs (HTTP/1.1 200) 5 headers in 185 bytes (1 switches on core 7)
[pid: 853913|app: 0|req: 3/3] 58.100.169.134 () {44 vars in 1254 bytes} [Sun Dec  4 12:04:27 2022] GET /img-spider-server/ => generated 1501 bytes in 1 msecs (HTTP/1.1 200) 5 headers in 185 bytes (1 switches on core 6)
[pid: 853913|app: 0|req: 4/4] 58.100.169.134 () {44 vars in 1255 bytes} [Sun Dec  4 12:04:28 2022] GET /img-spider-server/ => generated 1501 bytes in 1 msecs (HTTP/1.1 200) 5 headers in 185 bytes (1 switches on core 5)
[pid: 853913|app: 0|req: 5/5] 58.100.169.134 () {44 vars in 1255 bytes} [Sun Dec  4 12:04:28 2022] GET /img-spider-server/ => generated 1501 bytes in 1 msecs (HTTP/1.1 200) 5 headers in 185 bytes (1 switches on core 5)
[pid: 853913|app: 0|req: 6/6] 58.100.169.134 () {44 vars in 1255 bytes} [Sun Dec  4 12:04:29 2022] GET /img-spider-server/ => generated 1501 bytes in 4 msecs (HTTP/1.1 200) 5 headers in 185 bytes (1 switches on core 5)
[pid: 853913|app: 0|req: 7/7] 58.100.169.134 () {44 vars in 1255 bytes} [Sun Dec  4 12:04:29 2022] GET /img-spider-server/ => generated 1501 bytes in 3 msecs (HTTP/1.1 200) 5 headers in 185 bytes (1 switches on core 2)
[pid: 853913|app: 0|req: 8/8] 58.100.169.134 () {44 vars in 1255 bytes} [Sun Dec  4 12:04:29 2022] GET /img-spider-server/ => generated 1501 bytes in 7 msecs (HTTP/1.1 200) 5 headers in 185 bytes (1 switches on core 1)
[pid: 853913|app: 0|req: 9/9] 58.100.169.134 () {44 vars in 1255 bytes} [Sun Dec  4 12:04:29 2022] GET /img-spider-server/ => generated 1501 bytes in 2 msecs (HTTP/1.1 200) 5 headers in 185 bytes (1 switches on core 0)
*** Starting uWSGI 2.0.20 (64bit) on [Sun Dec  4 12:05:21 2022] ***
compiled with version: 9.4.0 on 12 July 2022 06:43:11
os: Linux-5.4.0-122-generic #138-Ubuntu SMP Wed Jun 22 15:00:31 UTC 2022
nodename: iZbp1av1izm1qsfgjmc9hwZ
machine: x86_64
clock source: unix
pcre jit disabled
detected number of CPU cores: 1
current working directory: /home/admin/img-spider-server/ImgSpiderServer/ImgSpiderServer
writing pidfile to uwsgi.pid
detected binary path: /usr/local/bin/uwsgi
uWSGI running as root, you can use --uid/--gid/--chroot options
*** WARNING: you are running uWSGI as root !!! (use the --uid flag) *** 
chdir() to /home/admin/img-spider-server/ImgSpiderServer
your processes number limit is 7700
your memory page size is 4096 bytes
detected max file descriptor number: 65535
lock engine: pthread robust mutexes
thunder lock: disabled (you can enable it with --thunder-lock)
uwsgi socket 0 bound to TCP address 127.0.0.1:6667 fd 3
uWSGI running as root, you can use --uid/--gid/--chroot options
*** WARNING: you are running uWSGI as root !!! (use the --uid flag) *** 
Python version: 3.8.10 (default, Jun 22 2022, 20:18:18)  [GCC 9.4.0]
PEP 405 virtualenv detected: /home/admin/img-spider-server/venv
Set PythonHome to /home/admin/img-spider-server/venv
Python main interpreter initialized at 0x5562e9900710
uWSGI running as root, you can use --uid/--gid/--chroot options
*** WARNING: you are running uWSGI as root !!! (use the --uid flag) *** 
python threads support enabled
your server socket listen backlog is limited to 100 connections
your mercy for graceful operations on workers is 60 seconds
mapped 292224 bytes (285 KB) for 8 cores
*** Operational MODE: threaded ***
added /home/admin/img-spider-server/venv/python3 to pythonpath.
WSGI app 0 (mountpoint='') ready in 1 seconds on interpreter 0x5562e9900710 pid: 854024 (default app)
mountpoint  already configured. skip.
uWSGI running as root, you can use --uid/--gid/--chroot options
*** WARNING: you are running uWSGI as root !!! (use the --uid flag) *** 
*** uWSGI is running in multiple interpreter mode ***
spawned uWSGI master process (pid: 854024)
spawned uWSGI worker 1 (pid: 854026, cores: 8)
[pid: 854026|app: 0|req: 1/1] 58.100.169.134 () {44 vars in 1255 bytes} [Sun Dec  4 12:05:24 2022] GET /img-spider-server/ => generated 1501 bytes in 410 msecs (HTTP/1.1 200) 5 headers in 185 bytes (1 switches on core 0)
*** Starting uWSGI 2.0.20 (64bit) on [Sun Dec  4 12:07:36 2022] ***
compiled with version: 9.4.0 on 12 July 2022 06:43:11
os: Linux-5.4.0-122-generic #138-Ubuntu SMP Wed Jun 22 15:00:31 UTC 2022
nodename: iZbp1av1izm1qsfgjmc9hwZ
machine: x86_64
clock source: unix
pcre jit disabled
detected number of CPU cores: 1
current working directory: /home/admin/img-spider-server/ImgSpiderServer/ImgSpiderServer
writing pidfile to uwsgi.pid
detected binary path: /usr/local/bin/uwsgi
uWSGI running as root, you can use --uid/--gid/--chroot options
*** WARNING: you are running uWSGI as root !!! (use the --uid flag) *** 
chdir() to /home/admin/img-spider-server/ImgSpiderServer
your processes number limit is 7700
your memory page size is 4096 bytes
detected max file descriptor number: 65535
lock engine: pthread robust mutexes
thunder lock: disabled (you can enable it with --thunder-lock)
uwsgi socket 0 bound to TCP address 127.0.0.1:6667 fd 3
uWSGI running as root, you can use --uid/--gid/--chroot options
*** WARNING: you are running uWSGI as root !!! (use the --uid flag) *** 
Python version: 3.8.10 (default, Jun 22 2022, 20:18:18)  [GCC 9.4.0]
PEP 405 virtualenv detected: /home/admin/img-spider-server/venv
Set PythonHome to /home/admin/img-spider-server/venv
Python main interpreter initialized at 0x55b379b1f710
uWSGI running as root, you can use --uid/--gid/--chroot options
*** WARNING: you are running uWSGI as root !!! (use the --uid flag) *** 
python threads support enabled
your server socket listen backlog is limited to 100 connections
your mercy for graceful operations on workers is 60 seconds
mapped 292224 bytes (285 KB) for 8 cores
*** Operational MODE: threaded ***
added /home/admin/img-spider-server/venv/python3 to pythonpath.
WSGI app 0 (mountpoint='') ready in 1 seconds on interpreter 0x55b379b1f710 pid: 854084 (default app)
mountpoint  already configured. skip.
uWSGI running as root, you can use --uid/--gid/--chroot options
*** WARNING: you are running uWSGI as root !!! (use the --uid flag) *** 
*** uWSGI is running in multiple interpreter mode ***
spawned uWSGI master process (pid: 854084)
spawned uWSGI worker 1 (pid: 854086, cores: 8)
[pid: 854086|app: 0|req: 1/1] 58.100.169.134 () {44 vars in 1256 bytes} [Sun Dec  4 12:07:45 2022] GET /img-spider-server/ => generated 1519 bytes in 331 msecs (HTTP/1.1 200) 5 headers in 185 bytes (1 switches on core 0)
[pid: 854086|app: 0|req: 2/2] 58.100.169.134 () {42 vars in 1235 bytes} [Sun Dec  4 12:07:59 2022] GET /img-spider-server/admin => generated 0 bytes in 1 msecs (HTTP/1.1 301) 6 headers in 234 bytes (1 switches on core 7)
[pid: 854086|app: 0|req: 3/3] 58.100.169.134 () {42 vars in 1237 bytes} [Sun Dec  4 12:07:59 2022] GET /img-spider-server/admin/ => generated 15912 bytes in 51 msecs (HTTP/1.1 200) 9 headers in 457 bytes (1 switches on core 6)
[pid: 854086|app: 0|req: 4/4] 58.100.169.134 () {44 vars in 1284 bytes} [Sun Dec  4 12:08:00 2022] GET /img-spider-server/ => generated 1519 bytes in 1 msecs (HTTP/1.1 200) 5 headers in 185 bytes (1 switches on core 5)
[pid: 854086|app: 0|req: 5/5] 58.100.169.134 () {44 vars in 1326 bytes} [Sun Dec  4 12:08:06 2022] GET /img-spider-server/admin/img_server/img/ => generated 4957533 bytes in 1167 msecs (HTTP/1.1 200) 9 headers in 450 bytes (1 switches on core 4)
[pid: 854086|app: 0|req: 6/6] 117.135.173.70 () {38 vars in 639 bytes} [Sun Dec  4 12:09:06 2022] GET /img-spider-server/admin/img_server/img => generated 0 bytes in 3 msecs (HTTP/1.1 302) 9 headers in 399 bytes (1 switches on core 3)
[pid: 854086|app: 0|req: 7/7] 117.135.173.70 () {38 vars in 726 bytes} [Sun Dec  4 12:09:06 2022] GET /img-spider-server/admin/login/?next=/img-spider-server/admin/img_server/img => generated 4515 bytes in 8 msecs (HTTP/1.1 200) 9 headers in 447 bytes (1 switches on core 2)
[pid: 854086|app: 0|req: 8/8] 157.148.40.30 () {46 vars in 974 bytes} [Sun Dec  4 12:09:07 2022] GET /img-spider-server/admin/ => generated 0 bytes in 2 msecs (HTTP/1.1 302) 9 headers in 385 bytes (1 switches on core 1)
[pid: 854086|app: 0|req: 9/9] 157.148.40.30 () {46 vars in 1042 bytes} [Sun Dec  4 12:09:07 2022] GET /img-spider-server/admin/login/?next=/img-spider-server/admin/ => generated 4487 bytes in 4 msecs (HTTP/1.1 200) 9 headers in 447 bytes (1 switches on core 0)
[pid: 854086|app: 0|req: 10/10] 58.100.169.134 () {42 vars in 806 bytes} [Sun Dec  4 12:10:33 2022] GET /img-spider-server/admin/ => generated 0 bytes in 2 msecs (HTTP/1.1 302) 9 headers in 385 bytes (1 switches on core 7)
[pid: 854086|app: 0|req: 11/11] 58.100.169.134 () {42 vars in 879 bytes} [Sun Dec  4 12:10:33 2022] GET /img-spider-server/admin/login/?next=/img-spider-server/admin/ => generated 4487 bytes in 4 msecs (HTTP/1.1 200) 9 headers in 447 bytes (1 switches on core 6)
[pid: 854086|app: 0|req: 12/12] 58.100.169.134 () {50 vars in 1171 bytes} [Sun Dec  4 12:10:57 2022] POST /img-spider-server/admin/login/?next=/img-spider-server/admin/ => generated 0 bytes in 454 msecs (HTTP/1.1 302) 11 headers in 629 bytes (1 switches on core 5)
[pid: 854086|app: 0|req: 13/13] 58.100.169.134 () {44 vars in 991 bytes} [Sun Dec  4 12:10:58 2022] GET /img-spider-server/admin/ => generated 15912 bytes in 26 msecs (HTTP/1.1 200) 9 headers in 457 bytes (1 switches on core 4)
[pid: 854086|app: 0|req: 14/14] 58.100.169.134 () {44 vars in 942 bytes} [Sun Dec  4 12:10:58 2022] GET /img-spider-server/ => generated 1519 bytes in 1 msecs (HTTP/1.1 200) 5 headers in 185 bytes (1 switches on core 3)
[pid: 854086|app: 0|req: 15/15] 58.100.169.134 () {44 vars in 991 bytes} [Sun Dec  4 12:11:13 2022] GET /img-spider-server/admin/ => generated 15912 bytes in 17 msecs (HTTP/1.1 200) 9 headers in 457 bytes (1 switches on core 3)
[pid: 854086|app: 0|req: 16/16] 58.100.169.134 () {44 vars in 942 bytes} [Sun Dec  4 12:11:13 2022] GET /img-spider-server/ => generated 1519 bytes in 1 msecs (HTTP/1.1 200) 5 headers in 185 bytes (1 switches on core 1)
[pid: 854086|app: 0|req: 17/17] 58.100.169.134 () {44 vars in 991 bytes} [Sun Dec  4 12:11:17 2022] GET /img-spider-server/admin/ => generated 15912 bytes in 16 msecs (HTTP/1.1 200) 9 headers in 457 bytes (1 switches on core 0)
[pid: 854086|app: 0|req: 18/18] 58.100.169.134 () {44 vars in 942 bytes} [Sun Dec  4 12:11:18 2022] GET /img-spider-server/ => generated 1519 bytes in 1 msecs (HTTP/1.1 200) 5 headers in 185 bytes (1 switches on core 7)
[pid: 854086|app: 0|req: 19/19] 58.100.169.134 () {44 vars in 984 bytes} [Sun Dec  4 12:11:22 2022] GET /img-spider-server/admin/img_server/img/ => generated 4957533 bytes in 729 msecs (HTTP/1.1 200) 9 headers in 450 bytes (1 switches on core 6)
[pid: 854086|app: 0|req: 20/20] 58.100.169.134 () {38 vars in 697 bytes} [Sun Dec  4 12:13:00 2022] POST /img-spider-server/page_server/get_ready_page/ => generated 12332 bytes in 67 msecs (HTTP/1.1 200) 5 headers in 178 bytes (1 switches on core 5)
